[2021-12-01 20:39:32,274: INFO: 01_base_model_creation]: 
********************
[2021-12-01 20:39:32,274: INFO: 01_base_model_creation]: >>>>> stage Creating Base Model started <<<<<
[2021-12-01 20:39:32,276: INFO: common]: yaml file: configs/config.yaml loaded successfully
[2021-12-01 20:39:33,619: INFO: 01_base_model_creation]: Base Model Summary : 
Model: "sequential"
_________________________________________________________________
 Layer (type)                Output Shape              Param #   
=================================================================
 inputLayer (Flatten)        (None, 784)               0         
                                                                 
 hiddenLayer1 (Dense)        (None, 300)               235500    
                                                                 
 leaky_re_lu (LeakyReLU)     (None, 300)               0         
                                                                 
 hiddenLayer2 (Dense)        (None, 100)               30100     
                                                                 
 leaky_re_lu_1 (LeakyReLU)   (None, 100)               0         
                                                                 
 outputLayer (Dense)         (None, 10)                1010      
                                                                 
=================================================================
Total params: 266,610
Trainable params: 266,610
Non-trainable params: 0
_________________________________________________________________

[2021-12-01 20:40:13,210: INFO: model]: base_model.h5 Model is Saved at artifacts\model\base_model.h5
[2021-12-01 20:40:13,624: INFO: 01_base_model_creation]: Evaluation Metrics : [0.1050318256020546, 0.9745000004768372]
[2021-12-01 20:40:13,655: INFO: 01_base_model_creation]: >>>>> stage Creating Base Model completed!<<<<<

[2021-12-01 20:40:24,765: INFO: 02_transfer_learning]: 
********************
[2021-12-01 20:40:24,765: INFO: 02_transfer_learning]: >>>>> stage Transfer Learning Even Odd started <<<<<
[2021-12-01 20:40:24,767: INFO: common]: yaml file: configs/config.yaml loaded successfully
[2021-12-01 20:40:26,055: INFO: 02_transfer_learning]: Loaded Base Model Summary : 
Model: "sequential"
_________________________________________________________________
 Layer (type)                Output Shape              Param #   
=================================================================
 inputLayer (Flatten)        (None, 784)               0         
                                                                 
 hiddenLayer1 (Dense)        (None, 300)               235500    
                                                                 
 leaky_re_lu (LeakyReLU)     (None, 300)               0         
                                                                 
 hiddenLayer2 (Dense)        (None, 100)               30100     
                                                                 
 leaky_re_lu_1 (LeakyReLU)   (None, 100)               0         
                                                                 
 outputLayer (Dense)         (None, 10)                1010      
                                                                 
=================================================================
Total params: 266,610
Trainable params: 266,610
Non-trainable params: 0
_________________________________________________________________

[2021-12-01 20:40:26,055: INFO: 02_transfer_learning]: trainable status of before inputLayer:True
[2021-12-01 20:40:26,055: INFO: 02_transfer_learning]: trainable status of after inputLayer:False
[2021-12-01 20:40:26,055: INFO: 02_transfer_learning]: trainable status of before hiddenLayer1:True
[2021-12-01 20:40:26,055: INFO: 02_transfer_learning]: trainable status of after hiddenLayer1:False
[2021-12-01 20:40:26,055: INFO: 02_transfer_learning]: trainable status of before leaky_re_lu:True
[2021-12-01 20:40:26,056: INFO: 02_transfer_learning]: trainable status of after leaky_re_lu:False
[2021-12-01 20:40:26,056: INFO: 02_transfer_learning]: trainable status of before hiddenLayer2:True
[2021-12-01 20:40:26,056: INFO: 02_transfer_learning]: trainable status of after hiddenLayer2:False
[2021-12-01 20:40:26,056: INFO: 02_transfer_learning]: trainable status of before leaky_re_lu_1:True
[2021-12-01 20:40:26,056: INFO: 02_transfer_learning]: trainable status of after leaky_re_lu_1:False
[2021-12-01 20:40:26,074: INFO: 02_transfer_learning]: New model summary: 
Model: "sequential"
_________________________________________________________________
 Layer (type)                Output Shape              Param #   
=================================================================
 inputLayer (Flatten)        (None, 784)               0         
                                                                 
 hiddenLayer1 (Dense)        (None, 300)               235500    
                                                                 
 leaky_re_lu (LeakyReLU)     (None, 300)               0         
                                                                 
 hiddenLayer2 (Dense)        (None, 100)               30100     
                                                                 
 leaky_re_lu_1 (LeakyReLU)   (None, 100)               0         
                                                                 
 output_layer (Dense)        (None, 2)                 202       
                                                                 
=================================================================
Total params: 265,802
Trainable params: 202
Non-trainable params: 265,600
_________________________________________________________________

[2021-12-01 20:40:50,107: INFO: model]: transfer_model.h5 Model is Saved at artifacts\model\transfer_model.h5
[2021-12-01 20:40:50,517: INFO: 02_transfer_learning]: Evaluation Metrics : [0.07235351949930191, 0.9753999710083008]
[2021-12-01 20:40:50,548: INFO: 02_transfer_learning]: >>>>> stage Transfer Learning Even Odd completed!<<<<<

